0 info it worked if it ends with ok
1 verbose cli [ '/home/gotre/Node/bin/node',
1 verbose cli   '/home/gotre/Node/bin/npm',
1 verbose cli   'start' ]
2 info using npm@2.14.4
3 info using node@v4.1.1
4 verbose stack Error: Failed to parse json
4 verbose stack Unexpected token 's' at 1:1
4 verbose stack sub{
4 verbose stack ^
4 verbose stack     at parseError (/home/gotre/Node/lib/node_modules/npm/node_modules/read-package-json/read-json.js:379:11)
4 verbose stack     at parseJson (/home/gotre/Node/lib/node_modules/npm/node_modules/read-package-json/read-json.js:68:23)
4 verbose stack     at /home/gotre/Node/lib/node_modules/npm/node_modules/read-package-json/read-json.js:48:5
4 verbose stack     at /home/gotre/Node/lib/node_modules/npm/node_modules/graceful-fs/graceful-fs.js:76:16
4 verbose stack     at FSReqWrap.readFileAfterClose [as oncomplete] (fs.js:380:3)
5 verbose cwd /home/gotre/Projects/React/polls
6 error Linux 3.16.0-51-generic
7 error argv "/home/gotre/Node/bin/node" "/home/gotre/Node/bin/npm" "start"
8 error node v4.1.1
9 error npm  v2.14.4
10 error file /home/gotre/Projects/React/polls/package.json
11 error code EJSONPARSE
12 error Failed to parse json
12 error Unexpected token 's' at 1:1
12 error sub{
12 error ^
13 error File: /home/gotre/Projects/React/polls/package.json
14 error Failed to parse package.json data.
14 error package.json must be actual JSON, not just JavaScript.
14 error
14 error This is not a bug in npm.
14 error Tell the package author to fix their package.json file. JSON.parse
15 verbose exit [ 1, true ]
